ARM GAS  /tmp/ccPaox1M.s 			page 1


   1              		.cpu cortex-m7
   2              		.eabi_attribute 28, 1
   3              		.eabi_attribute 20, 1
   4              		.eabi_attribute 21, 1
   5              		.eabi_attribute 23, 3
   6              		.eabi_attribute 24, 1
   7              		.eabi_attribute 25, 1
   8              		.eabi_attribute 26, 1
   9              		.eabi_attribute 30, 1
  10              		.eabi_attribute 34, 1
  11              		.eabi_attribute 18, 4
  12              		.file	"stm32h7xx_hal_msp.c"
  13              		.text
  14              	.Ltext0:
  15              		.cfi_sections	.debug_frame
  16              		.section	.text.HAL_MspInit,"ax",%progbits
  17              		.align	1
  18              		.global	HAL_MspInit
  19              		.arch armv7e-m
  20              		.syntax unified
  21              		.thumb
  22              		.thumb_func
  23              		.fpu fpv5-d16
  25              	HAL_MspInit:
  26              	.LFB146:
  27              		.file 1 "Core/Src/stm32h7xx_hal_msp.c"
   1:Core/Src/stm32h7xx_hal_msp.c **** /* USER CODE BEGIN Header */
   2:Core/Src/stm32h7xx_hal_msp.c **** /**
   3:Core/Src/stm32h7xx_hal_msp.c ****   ******************************************************************************
   4:Core/Src/stm32h7xx_hal_msp.c ****   * @file         stm32h7xx_hal_msp.c
   5:Core/Src/stm32h7xx_hal_msp.c ****   * @brief        This file provides code for the MSP Initialization
   6:Core/Src/stm32h7xx_hal_msp.c ****   *               and de-Initialization codes.
   7:Core/Src/stm32h7xx_hal_msp.c ****   ******************************************************************************
   8:Core/Src/stm32h7xx_hal_msp.c ****   * @attention
   9:Core/Src/stm32h7xx_hal_msp.c ****   *
  10:Core/Src/stm32h7xx_hal_msp.c ****   * Copyright (c) 2026 STMicroelectronics.
  11:Core/Src/stm32h7xx_hal_msp.c ****   * All rights reserved.
  12:Core/Src/stm32h7xx_hal_msp.c ****   *
  13:Core/Src/stm32h7xx_hal_msp.c ****   * This software is licensed under terms that can be found in the LICENSE file
  14:Core/Src/stm32h7xx_hal_msp.c ****   * in the root directory of this software component.
  15:Core/Src/stm32h7xx_hal_msp.c ****   * If no LICENSE file comes with this software, it is provided AS-IS.
  16:Core/Src/stm32h7xx_hal_msp.c ****   *
  17:Core/Src/stm32h7xx_hal_msp.c ****   ******************************************************************************
  18:Core/Src/stm32h7xx_hal_msp.c ****   */
  19:Core/Src/stm32h7xx_hal_msp.c **** /* USER CODE END Header */
  20:Core/Src/stm32h7xx_hal_msp.c **** /* Includes ------------------------------------------------------------------*/
  21:Core/Src/stm32h7xx_hal_msp.c **** #include "main.h"
  22:Core/Src/stm32h7xx_hal_msp.c **** /* USER CODE BEGIN Includes */
  23:Core/Src/stm32h7xx_hal_msp.c **** 
  24:Core/Src/stm32h7xx_hal_msp.c **** /* USER CODE END Includes */
  25:Core/Src/stm32h7xx_hal_msp.c **** extern DMA_HandleTypeDef hdma_usart3_rx;
  26:Core/Src/stm32h7xx_hal_msp.c **** 
  27:Core/Src/stm32h7xx_hal_msp.c **** extern DMA_HandleTypeDef hdma_usart3_tx;
  28:Core/Src/stm32h7xx_hal_msp.c **** 
  29:Core/Src/stm32h7xx_hal_msp.c **** /* Private typedef -----------------------------------------------------------*/
  30:Core/Src/stm32h7xx_hal_msp.c **** /* USER CODE BEGIN TD */
  31:Core/Src/stm32h7xx_hal_msp.c **** 
ARM GAS  /tmp/ccPaox1M.s 			page 2


  32:Core/Src/stm32h7xx_hal_msp.c **** /* USER CODE END TD */
  33:Core/Src/stm32h7xx_hal_msp.c **** 
  34:Core/Src/stm32h7xx_hal_msp.c **** /* Private define ------------------------------------------------------------*/
  35:Core/Src/stm32h7xx_hal_msp.c **** /* USER CODE BEGIN Define */
  36:Core/Src/stm32h7xx_hal_msp.c **** 
  37:Core/Src/stm32h7xx_hal_msp.c **** /* USER CODE END Define */
  38:Core/Src/stm32h7xx_hal_msp.c **** 
  39:Core/Src/stm32h7xx_hal_msp.c **** /* Private macro -------------------------------------------------------------*/
  40:Core/Src/stm32h7xx_hal_msp.c **** /* USER CODE BEGIN Macro */
  41:Core/Src/stm32h7xx_hal_msp.c **** 
  42:Core/Src/stm32h7xx_hal_msp.c **** /* USER CODE END Macro */
  43:Core/Src/stm32h7xx_hal_msp.c **** 
  44:Core/Src/stm32h7xx_hal_msp.c **** /* Private variables ---------------------------------------------------------*/
  45:Core/Src/stm32h7xx_hal_msp.c **** /* USER CODE BEGIN PV */
  46:Core/Src/stm32h7xx_hal_msp.c **** 
  47:Core/Src/stm32h7xx_hal_msp.c **** /* USER CODE END PV */
  48:Core/Src/stm32h7xx_hal_msp.c **** 
  49:Core/Src/stm32h7xx_hal_msp.c **** /* Private function prototypes -----------------------------------------------*/
  50:Core/Src/stm32h7xx_hal_msp.c **** /* USER CODE BEGIN PFP */
  51:Core/Src/stm32h7xx_hal_msp.c **** 
  52:Core/Src/stm32h7xx_hal_msp.c **** /* USER CODE END PFP */
  53:Core/Src/stm32h7xx_hal_msp.c **** 
  54:Core/Src/stm32h7xx_hal_msp.c **** /* External functions --------------------------------------------------------*/
  55:Core/Src/stm32h7xx_hal_msp.c **** /* USER CODE BEGIN ExternalFunctions */
  56:Core/Src/stm32h7xx_hal_msp.c **** 
  57:Core/Src/stm32h7xx_hal_msp.c **** /* USER CODE END ExternalFunctions */
  58:Core/Src/stm32h7xx_hal_msp.c **** 
  59:Core/Src/stm32h7xx_hal_msp.c **** /* USER CODE BEGIN 0 */
  60:Core/Src/stm32h7xx_hal_msp.c **** 
  61:Core/Src/stm32h7xx_hal_msp.c **** /* USER CODE END 0 */
  62:Core/Src/stm32h7xx_hal_msp.c **** /**
  63:Core/Src/stm32h7xx_hal_msp.c ****   * Initializes the Global MSP.
  64:Core/Src/stm32h7xx_hal_msp.c ****   */
  65:Core/Src/stm32h7xx_hal_msp.c **** void HAL_MspInit(void)
  66:Core/Src/stm32h7xx_hal_msp.c **** {
  28              		.loc 1 66 1 view -0
  29              		.cfi_startproc
  30              		@ args = 0, pretend = 0, frame = 8
  31              		@ frame_needed = 0, uses_anonymous_args = 0
  32              		@ link register save eliminated.
  33 0000 82B0     		sub	sp, sp, #8
  34              	.LCFI0:
  35              		.cfi_def_cfa_offset 8
  67:Core/Src/stm32h7xx_hal_msp.c **** 
  68:Core/Src/stm32h7xx_hal_msp.c ****   /* USER CODE BEGIN MspInit 0 */
  69:Core/Src/stm32h7xx_hal_msp.c **** 
  70:Core/Src/stm32h7xx_hal_msp.c ****   /* USER CODE END MspInit 0 */
  71:Core/Src/stm32h7xx_hal_msp.c **** 
  72:Core/Src/stm32h7xx_hal_msp.c ****   __HAL_RCC_SYSCFG_CLK_ENABLE();
  36              		.loc 1 72 3 view .LVU1
  37              	.LBB2:
  38              		.loc 1 72 3 view .LVU2
  39              		.loc 1 72 3 view .LVU3
  40 0002 074B     		ldr	r3, .L3
  41 0004 D3F8F420 		ldr	r2, [r3, #244]
  42 0008 42F00202 		orr	r2, r2, #2
  43 000c C3F8F420 		str	r2, [r3, #244]
ARM GAS  /tmp/ccPaox1M.s 			page 3


  44              		.loc 1 72 3 view .LVU4
  45 0010 D3F8F430 		ldr	r3, [r3, #244]
  46 0014 03F00203 		and	r3, r3, #2
  47 0018 0193     		str	r3, [sp, #4]
  48              		.loc 1 72 3 view .LVU5
  49 001a 019B     		ldr	r3, [sp, #4]
  50              	.LBE2:
  51              		.loc 1 72 3 view .LVU6
  73:Core/Src/stm32h7xx_hal_msp.c **** 
  74:Core/Src/stm32h7xx_hal_msp.c ****   /* System interrupt init*/
  75:Core/Src/stm32h7xx_hal_msp.c **** 
  76:Core/Src/stm32h7xx_hal_msp.c ****   /* USER CODE BEGIN MspInit 1 */
  77:Core/Src/stm32h7xx_hal_msp.c **** 
  78:Core/Src/stm32h7xx_hal_msp.c ****   /* USER CODE END MspInit 1 */
  79:Core/Src/stm32h7xx_hal_msp.c **** }
  52              		.loc 1 79 1 is_stmt 0 view .LVU7
  53 001c 02B0     		add	sp, sp, #8
  54              	.LCFI1:
  55              		.cfi_def_cfa_offset 0
  56              		@ sp needed
  57 001e 7047     		bx	lr
  58              	.L4:
  59              		.align	2
  60              	.L3:
  61 0020 00440258 		.word	1476543488
  62              		.cfi_endproc
  63              	.LFE146:
  65              		.section	.text.HAL_UART_MspInit,"ax",%progbits
  66              		.align	1
  67              		.global	HAL_UART_MspInit
  68              		.syntax unified
  69              		.thumb
  70              		.thumb_func
  71              		.fpu fpv5-d16
  73              	HAL_UART_MspInit:
  74              	.LVL0:
  75              	.LFB147:
  80:Core/Src/stm32h7xx_hal_msp.c **** 
  81:Core/Src/stm32h7xx_hal_msp.c **** /**
  82:Core/Src/stm32h7xx_hal_msp.c ****   * @brief UART MSP Initialization
  83:Core/Src/stm32h7xx_hal_msp.c ****   * This function configures the hardware resources used in this example
  84:Core/Src/stm32h7xx_hal_msp.c ****   * @param huart: UART handle pointer
  85:Core/Src/stm32h7xx_hal_msp.c ****   * @retval None
  86:Core/Src/stm32h7xx_hal_msp.c ****   */
  87:Core/Src/stm32h7xx_hal_msp.c **** void HAL_UART_MspInit(UART_HandleTypeDef* huart)
  88:Core/Src/stm32h7xx_hal_msp.c **** {
  76              		.loc 1 88 1 is_stmt 1 view -0
  77              		.cfi_startproc
  78              		@ args = 0, pretend = 0, frame = 224
  79              		@ frame_needed = 0, uses_anonymous_args = 0
  80              		.loc 1 88 1 is_stmt 0 view .LVU9
  81 0000 30B5     		push	{r4, r5, lr}
  82              	.LCFI2:
  83              		.cfi_def_cfa_offset 12
  84              		.cfi_offset 4, -12
  85              		.cfi_offset 5, -8
  86              		.cfi_offset 14, -4
ARM GAS  /tmp/ccPaox1M.s 			page 4


  87 0002 B9B0     		sub	sp, sp, #228
  88              	.LCFI3:
  89              		.cfi_def_cfa_offset 240
  90 0004 0446     		mov	r4, r0
  89:Core/Src/stm32h7xx_hal_msp.c ****   GPIO_InitTypeDef GPIO_InitStruct = {0};
  91              		.loc 1 89 3 is_stmt 1 view .LVU10
  92              		.loc 1 89 20 is_stmt 0 view .LVU11
  93 0006 0021     		movs	r1, #0
  94 0008 3391     		str	r1, [sp, #204]
  95 000a 3491     		str	r1, [sp, #208]
  96 000c 3591     		str	r1, [sp, #212]
  97 000e 3691     		str	r1, [sp, #216]
  98 0010 3791     		str	r1, [sp, #220]
  90:Core/Src/stm32h7xx_hal_msp.c ****   RCC_PeriphCLKInitTypeDef PeriphClkInitStruct = {0};
  99              		.loc 1 90 3 is_stmt 1 view .LVU12
 100              		.loc 1 90 28 is_stmt 0 view .LVU13
 101 0012 C022     		movs	r2, #192
 102 0014 02A8     		add	r0, sp, #8
 103              	.LVL1:
 104              		.loc 1 90 28 view .LVU14
 105 0016 FFF7FEFF 		bl	memset
 106              	.LVL2:
  91:Core/Src/stm32h7xx_hal_msp.c ****   if(huart->Instance==USART3)
 107              		.loc 1 91 3 is_stmt 1 view .LVU15
 108              		.loc 1 91 11 is_stmt 0 view .LVU16
 109 001a 2268     		ldr	r2, [r4]
 110              		.loc 1 91 5 view .LVU17
 111 001c 3B4B     		ldr	r3, .L15
 112 001e 9A42     		cmp	r2, r3
 113 0020 01D0     		beq	.L11
 114              	.L5:
  92:Core/Src/stm32h7xx_hal_msp.c ****   {
  93:Core/Src/stm32h7xx_hal_msp.c ****     /* USER CODE BEGIN USART3_MspInit 0 */
  94:Core/Src/stm32h7xx_hal_msp.c **** 
  95:Core/Src/stm32h7xx_hal_msp.c ****     /* USER CODE END USART3_MspInit 0 */
  96:Core/Src/stm32h7xx_hal_msp.c **** 
  97:Core/Src/stm32h7xx_hal_msp.c ****   /** Initializes the peripherals clock
  98:Core/Src/stm32h7xx_hal_msp.c ****   */
  99:Core/Src/stm32h7xx_hal_msp.c ****     PeriphClkInitStruct.PeriphClockSelection = RCC_PERIPHCLK_USART3;
 100:Core/Src/stm32h7xx_hal_msp.c ****     PeriphClkInitStruct.Usart234578ClockSelection = RCC_USART234578CLKSOURCE_D2PCLK1;
 101:Core/Src/stm32h7xx_hal_msp.c ****     if (HAL_RCCEx_PeriphCLKConfig(&PeriphClkInitStruct) != HAL_OK)
 102:Core/Src/stm32h7xx_hal_msp.c ****     {
 103:Core/Src/stm32h7xx_hal_msp.c ****       Error_Handler();
 104:Core/Src/stm32h7xx_hal_msp.c ****     }
 105:Core/Src/stm32h7xx_hal_msp.c **** 
 106:Core/Src/stm32h7xx_hal_msp.c ****     /* Peripheral clock enable */
 107:Core/Src/stm32h7xx_hal_msp.c ****     __HAL_RCC_USART3_CLK_ENABLE();
 108:Core/Src/stm32h7xx_hal_msp.c **** 
 109:Core/Src/stm32h7xx_hal_msp.c ****     __HAL_RCC_GPIOD_CLK_ENABLE();
 110:Core/Src/stm32h7xx_hal_msp.c ****     /**USART3 GPIO Configuration
 111:Core/Src/stm32h7xx_hal_msp.c ****     PD8     ------> USART3_TX
 112:Core/Src/stm32h7xx_hal_msp.c ****     PD9     ------> USART3_RX
 113:Core/Src/stm32h7xx_hal_msp.c ****     */
 114:Core/Src/stm32h7xx_hal_msp.c ****     GPIO_InitStruct.Pin = GPIO_PIN_8|GPIO_PIN_9;
 115:Core/Src/stm32h7xx_hal_msp.c ****     GPIO_InitStruct.Mode = GPIO_MODE_AF_PP;
 116:Core/Src/stm32h7xx_hal_msp.c ****     GPIO_InitStruct.Pull = GPIO_NOPULL;
 117:Core/Src/stm32h7xx_hal_msp.c ****     GPIO_InitStruct.Speed = GPIO_SPEED_FREQ_LOW;
ARM GAS  /tmp/ccPaox1M.s 			page 5


 118:Core/Src/stm32h7xx_hal_msp.c ****     GPIO_InitStruct.Alternate = GPIO_AF7_USART3;
 119:Core/Src/stm32h7xx_hal_msp.c ****     HAL_GPIO_Init(GPIOD, &GPIO_InitStruct);
 120:Core/Src/stm32h7xx_hal_msp.c **** 
 121:Core/Src/stm32h7xx_hal_msp.c ****     /* USART3 DMA Init */
 122:Core/Src/stm32h7xx_hal_msp.c ****     /* USART3_RX Init */
 123:Core/Src/stm32h7xx_hal_msp.c ****     hdma_usart3_rx.Instance = DMA1_Stream0;
 124:Core/Src/stm32h7xx_hal_msp.c ****     hdma_usart3_rx.Init.Request = DMA_REQUEST_USART3_RX;
 125:Core/Src/stm32h7xx_hal_msp.c ****     hdma_usart3_rx.Init.Direction = DMA_PERIPH_TO_MEMORY;
 126:Core/Src/stm32h7xx_hal_msp.c ****     hdma_usart3_rx.Init.PeriphInc = DMA_PINC_DISABLE;
 127:Core/Src/stm32h7xx_hal_msp.c ****     hdma_usart3_rx.Init.MemInc = DMA_MINC_ENABLE;
 128:Core/Src/stm32h7xx_hal_msp.c ****     hdma_usart3_rx.Init.PeriphDataAlignment = DMA_PDATAALIGN_BYTE;
 129:Core/Src/stm32h7xx_hal_msp.c ****     hdma_usart3_rx.Init.MemDataAlignment = DMA_MDATAALIGN_BYTE;
 130:Core/Src/stm32h7xx_hal_msp.c ****     hdma_usart3_rx.Init.Mode = DMA_NORMAL;
 131:Core/Src/stm32h7xx_hal_msp.c ****     hdma_usart3_rx.Init.Priority = DMA_PRIORITY_VERY_HIGH;
 132:Core/Src/stm32h7xx_hal_msp.c ****     hdma_usart3_rx.Init.FIFOMode = DMA_FIFOMODE_DISABLE;
 133:Core/Src/stm32h7xx_hal_msp.c ****     if (HAL_DMA_Init(&hdma_usart3_rx) != HAL_OK)
 134:Core/Src/stm32h7xx_hal_msp.c ****     {
 135:Core/Src/stm32h7xx_hal_msp.c ****       Error_Handler();
 136:Core/Src/stm32h7xx_hal_msp.c ****     }
 137:Core/Src/stm32h7xx_hal_msp.c **** 
 138:Core/Src/stm32h7xx_hal_msp.c ****     __HAL_LINKDMA(huart,hdmarx,hdma_usart3_rx);
 139:Core/Src/stm32h7xx_hal_msp.c **** 
 140:Core/Src/stm32h7xx_hal_msp.c ****     /* USART3_TX Init */
 141:Core/Src/stm32h7xx_hal_msp.c ****     hdma_usart3_tx.Instance = DMA1_Stream1;
 142:Core/Src/stm32h7xx_hal_msp.c ****     hdma_usart3_tx.Init.Request = DMA_REQUEST_USART3_TX;
 143:Core/Src/stm32h7xx_hal_msp.c ****     hdma_usart3_tx.Init.Direction = DMA_MEMORY_TO_PERIPH;
 144:Core/Src/stm32h7xx_hal_msp.c ****     hdma_usart3_tx.Init.PeriphInc = DMA_PINC_DISABLE;
 145:Core/Src/stm32h7xx_hal_msp.c ****     hdma_usart3_tx.Init.MemInc = DMA_MINC_ENABLE;
 146:Core/Src/stm32h7xx_hal_msp.c ****     hdma_usart3_tx.Init.PeriphDataAlignment = DMA_PDATAALIGN_BYTE;
 147:Core/Src/stm32h7xx_hal_msp.c ****     hdma_usart3_tx.Init.MemDataAlignment = DMA_MDATAALIGN_BYTE;
 148:Core/Src/stm32h7xx_hal_msp.c ****     hdma_usart3_tx.Init.Mode = DMA_NORMAL;
 149:Core/Src/stm32h7xx_hal_msp.c ****     hdma_usart3_tx.Init.Priority = DMA_PRIORITY_LOW;
 150:Core/Src/stm32h7xx_hal_msp.c ****     hdma_usart3_tx.Init.FIFOMode = DMA_FIFOMODE_DISABLE;
 151:Core/Src/stm32h7xx_hal_msp.c ****     if (HAL_DMA_Init(&hdma_usart3_tx) != HAL_OK)
 152:Core/Src/stm32h7xx_hal_msp.c ****     {
 153:Core/Src/stm32h7xx_hal_msp.c ****       Error_Handler();
 154:Core/Src/stm32h7xx_hal_msp.c ****     }
 155:Core/Src/stm32h7xx_hal_msp.c **** 
 156:Core/Src/stm32h7xx_hal_msp.c ****     __HAL_LINKDMA(huart,hdmatx,hdma_usart3_tx);
 157:Core/Src/stm32h7xx_hal_msp.c **** 
 158:Core/Src/stm32h7xx_hal_msp.c ****     /* USART3 interrupt Init */
 159:Core/Src/stm32h7xx_hal_msp.c ****     HAL_NVIC_SetPriority(USART3_IRQn, 0, 0);
 160:Core/Src/stm32h7xx_hal_msp.c ****     HAL_NVIC_EnableIRQ(USART3_IRQn);
 161:Core/Src/stm32h7xx_hal_msp.c ****     /* USER CODE BEGIN USART3_MspInit 1 */
 162:Core/Src/stm32h7xx_hal_msp.c **** 
 163:Core/Src/stm32h7xx_hal_msp.c ****     /* USER CODE END USART3_MspInit 1 */
 164:Core/Src/stm32h7xx_hal_msp.c **** 
 165:Core/Src/stm32h7xx_hal_msp.c ****   }
 166:Core/Src/stm32h7xx_hal_msp.c **** 
 167:Core/Src/stm32h7xx_hal_msp.c **** }
 115              		.loc 1 167 1 view .LVU18
 116 0022 39B0     		add	sp, sp, #228
 117              	.LCFI4:
 118              		.cfi_remember_state
 119              		.cfi_def_cfa_offset 12
 120              		@ sp needed
 121 0024 30BD     		pop	{r4, r5, pc}
ARM GAS  /tmp/ccPaox1M.s 			page 6


 122              	.LVL3:
 123              	.L11:
 124              	.LCFI5:
 125              		.cfi_restore_state
  99:Core/Src/stm32h7xx_hal_msp.c ****     PeriphClkInitStruct.Usart234578ClockSelection = RCC_USART234578CLKSOURCE_D2PCLK1;
 126              		.loc 1 99 5 is_stmt 1 view .LVU19
  99:Core/Src/stm32h7xx_hal_msp.c ****     PeriphClkInitStruct.Usart234578ClockSelection = RCC_USART234578CLKSOURCE_D2PCLK1;
 127              		.loc 1 99 46 is_stmt 0 view .LVU20
 128 0026 0222     		movs	r2, #2
 129 0028 0023     		movs	r3, #0
 130 002a CDE90223 		strd	r2, [sp, #8]
 100:Core/Src/stm32h7xx_hal_msp.c ****     if (HAL_RCCEx_PeriphCLKConfig(&PeriphClkInitStruct) != HAL_OK)
 131              		.loc 1 100 5 is_stmt 1 view .LVU21
 100:Core/Src/stm32h7xx_hal_msp.c ****     if (HAL_RCCEx_PeriphCLKConfig(&PeriphClkInitStruct) != HAL_OK)
 132              		.loc 1 100 51 is_stmt 0 view .LVU22
 133 002e 0023     		movs	r3, #0
 134 0030 2093     		str	r3, [sp, #128]
 101:Core/Src/stm32h7xx_hal_msp.c ****     {
 135              		.loc 1 101 5 is_stmt 1 view .LVU23
 101:Core/Src/stm32h7xx_hal_msp.c ****     {
 136              		.loc 1 101 9 is_stmt 0 view .LVU24
 137 0032 02A8     		add	r0, sp, #8
 138 0034 FFF7FEFF 		bl	HAL_RCCEx_PeriphCLKConfig
 139              	.LVL4:
 101:Core/Src/stm32h7xx_hal_msp.c ****     {
 140              		.loc 1 101 8 view .LVU25
 141 0038 0028     		cmp	r0, #0
 142 003a 5ED1     		bne	.L12
 143              	.L7:
 107:Core/Src/stm32h7xx_hal_msp.c **** 
 144              		.loc 1 107 5 is_stmt 1 view .LVU26
 145              	.LBB3:
 107:Core/Src/stm32h7xx_hal_msp.c **** 
 146              		.loc 1 107 5 view .LVU27
 107:Core/Src/stm32h7xx_hal_msp.c **** 
 147              		.loc 1 107 5 view .LVU28
 148 003c 344B     		ldr	r3, .L15+4
 149 003e D3F8E820 		ldr	r2, [r3, #232]
 150 0042 42F48022 		orr	r2, r2, #262144
 151 0046 C3F8E820 		str	r2, [r3, #232]
 107:Core/Src/stm32h7xx_hal_msp.c **** 
 152              		.loc 1 107 5 view .LVU29
 153 004a D3F8E820 		ldr	r2, [r3, #232]
 154 004e 02F48022 		and	r2, r2, #262144
 155 0052 0092     		str	r2, [sp]
 107:Core/Src/stm32h7xx_hal_msp.c **** 
 156              		.loc 1 107 5 view .LVU30
 157 0054 009A     		ldr	r2, [sp]
 158              	.LBE3:
 107:Core/Src/stm32h7xx_hal_msp.c **** 
 159              		.loc 1 107 5 view .LVU31
 109:Core/Src/stm32h7xx_hal_msp.c ****     /**USART3 GPIO Configuration
 160              		.loc 1 109 5 view .LVU32
 161              	.LBB4:
 109:Core/Src/stm32h7xx_hal_msp.c ****     /**USART3 GPIO Configuration
 162              		.loc 1 109 5 view .LVU33
 109:Core/Src/stm32h7xx_hal_msp.c ****     /**USART3 GPIO Configuration
ARM GAS  /tmp/ccPaox1M.s 			page 7


 163              		.loc 1 109 5 view .LVU34
 164 0056 D3F8E020 		ldr	r2, [r3, #224]
 165 005a 42F00802 		orr	r2, r2, #8
 166 005e C3F8E020 		str	r2, [r3, #224]
 109:Core/Src/stm32h7xx_hal_msp.c ****     /**USART3 GPIO Configuration
 167              		.loc 1 109 5 view .LVU35
 168 0062 D3F8E030 		ldr	r3, [r3, #224]
 169 0066 03F00803 		and	r3, r3, #8
 170 006a 0193     		str	r3, [sp, #4]
 109:Core/Src/stm32h7xx_hal_msp.c ****     /**USART3 GPIO Configuration
 171              		.loc 1 109 5 view .LVU36
 172 006c 019B     		ldr	r3, [sp, #4]
 173              	.LBE4:
 109:Core/Src/stm32h7xx_hal_msp.c ****     /**USART3 GPIO Configuration
 174              		.loc 1 109 5 view .LVU37
 114:Core/Src/stm32h7xx_hal_msp.c ****     GPIO_InitStruct.Mode = GPIO_MODE_AF_PP;
 175              		.loc 1 114 5 view .LVU38
 114:Core/Src/stm32h7xx_hal_msp.c ****     GPIO_InitStruct.Mode = GPIO_MODE_AF_PP;
 176              		.loc 1 114 25 is_stmt 0 view .LVU39
 177 006e 4FF44073 		mov	r3, #768
 178 0072 3393     		str	r3, [sp, #204]
 115:Core/Src/stm32h7xx_hal_msp.c ****     GPIO_InitStruct.Pull = GPIO_NOPULL;
 179              		.loc 1 115 5 is_stmt 1 view .LVU40
 115:Core/Src/stm32h7xx_hal_msp.c ****     GPIO_InitStruct.Pull = GPIO_NOPULL;
 180              		.loc 1 115 26 is_stmt 0 view .LVU41
 181 0074 0223     		movs	r3, #2
 182 0076 3493     		str	r3, [sp, #208]
 116:Core/Src/stm32h7xx_hal_msp.c ****     GPIO_InitStruct.Speed = GPIO_SPEED_FREQ_LOW;
 183              		.loc 1 116 5 is_stmt 1 view .LVU42
 116:Core/Src/stm32h7xx_hal_msp.c ****     GPIO_InitStruct.Speed = GPIO_SPEED_FREQ_LOW;
 184              		.loc 1 116 26 is_stmt 0 view .LVU43
 185 0078 0025     		movs	r5, #0
 186 007a 3595     		str	r5, [sp, #212]
 117:Core/Src/stm32h7xx_hal_msp.c ****     GPIO_InitStruct.Alternate = GPIO_AF7_USART3;
 187              		.loc 1 117 5 is_stmt 1 view .LVU44
 117:Core/Src/stm32h7xx_hal_msp.c ****     GPIO_InitStruct.Alternate = GPIO_AF7_USART3;
 188              		.loc 1 117 27 is_stmt 0 view .LVU45
 189 007c 3695     		str	r5, [sp, #216]
 118:Core/Src/stm32h7xx_hal_msp.c ****     HAL_GPIO_Init(GPIOD, &GPIO_InitStruct);
 190              		.loc 1 118 5 is_stmt 1 view .LVU46
 118:Core/Src/stm32h7xx_hal_msp.c ****     HAL_GPIO_Init(GPIOD, &GPIO_InitStruct);
 191              		.loc 1 118 31 is_stmt 0 view .LVU47
 192 007e 0723     		movs	r3, #7
 193 0080 3793     		str	r3, [sp, #220]
 119:Core/Src/stm32h7xx_hal_msp.c **** 
 194              		.loc 1 119 5 is_stmt 1 view .LVU48
 195 0082 33A9     		add	r1, sp, #204
 196 0084 2348     		ldr	r0, .L15+8
 197 0086 FFF7FEFF 		bl	HAL_GPIO_Init
 198              	.LVL5:
 123:Core/Src/stm32h7xx_hal_msp.c ****     hdma_usart3_rx.Init.Request = DMA_REQUEST_USART3_RX;
 199              		.loc 1 123 5 view .LVU49
 123:Core/Src/stm32h7xx_hal_msp.c ****     hdma_usart3_rx.Init.Request = DMA_REQUEST_USART3_RX;
 200              		.loc 1 123 29 is_stmt 0 view .LVU50
 201 008a 2348     		ldr	r0, .L15+12
 202 008c 234B     		ldr	r3, .L15+16
 203 008e 0360     		str	r3, [r0]
ARM GAS  /tmp/ccPaox1M.s 			page 8


 124:Core/Src/stm32h7xx_hal_msp.c ****     hdma_usart3_rx.Init.Direction = DMA_PERIPH_TO_MEMORY;
 204              		.loc 1 124 5 is_stmt 1 view .LVU51
 124:Core/Src/stm32h7xx_hal_msp.c ****     hdma_usart3_rx.Init.Direction = DMA_PERIPH_TO_MEMORY;
 205              		.loc 1 124 33 is_stmt 0 view .LVU52
 206 0090 2D23     		movs	r3, #45
 207 0092 4360     		str	r3, [r0, #4]
 125:Core/Src/stm32h7xx_hal_msp.c ****     hdma_usart3_rx.Init.PeriphInc = DMA_PINC_DISABLE;
 208              		.loc 1 125 5 is_stmt 1 view .LVU53
 125:Core/Src/stm32h7xx_hal_msp.c ****     hdma_usart3_rx.Init.PeriphInc = DMA_PINC_DISABLE;
 209              		.loc 1 125 35 is_stmt 0 view .LVU54
 210 0094 8560     		str	r5, [r0, #8]
 126:Core/Src/stm32h7xx_hal_msp.c ****     hdma_usart3_rx.Init.MemInc = DMA_MINC_ENABLE;
 211              		.loc 1 126 5 is_stmt 1 view .LVU55
 126:Core/Src/stm32h7xx_hal_msp.c ****     hdma_usart3_rx.Init.MemInc = DMA_MINC_ENABLE;
 212              		.loc 1 126 35 is_stmt 0 view .LVU56
 213 0096 C560     		str	r5, [r0, #12]
 127:Core/Src/stm32h7xx_hal_msp.c ****     hdma_usart3_rx.Init.PeriphDataAlignment = DMA_PDATAALIGN_BYTE;
 214              		.loc 1 127 5 is_stmt 1 view .LVU57
 127:Core/Src/stm32h7xx_hal_msp.c ****     hdma_usart3_rx.Init.PeriphDataAlignment = DMA_PDATAALIGN_BYTE;
 215              		.loc 1 127 32 is_stmt 0 view .LVU58
 216 0098 4FF48063 		mov	r3, #1024
 217 009c 0361     		str	r3, [r0, #16]
 128:Core/Src/stm32h7xx_hal_msp.c ****     hdma_usart3_rx.Init.MemDataAlignment = DMA_MDATAALIGN_BYTE;
 218              		.loc 1 128 5 is_stmt 1 view .LVU59
 128:Core/Src/stm32h7xx_hal_msp.c ****     hdma_usart3_rx.Init.MemDataAlignment = DMA_MDATAALIGN_BYTE;
 219              		.loc 1 128 45 is_stmt 0 view .LVU60
 220 009e 4561     		str	r5, [r0, #20]
 129:Core/Src/stm32h7xx_hal_msp.c ****     hdma_usart3_rx.Init.Mode = DMA_NORMAL;
 221              		.loc 1 129 5 is_stmt 1 view .LVU61
 129:Core/Src/stm32h7xx_hal_msp.c ****     hdma_usart3_rx.Init.Mode = DMA_NORMAL;
 222              		.loc 1 129 42 is_stmt 0 view .LVU62
 223 00a0 8561     		str	r5, [r0, #24]
 130:Core/Src/stm32h7xx_hal_msp.c ****     hdma_usart3_rx.Init.Priority = DMA_PRIORITY_VERY_HIGH;
 224              		.loc 1 130 5 is_stmt 1 view .LVU63
 130:Core/Src/stm32h7xx_hal_msp.c ****     hdma_usart3_rx.Init.Priority = DMA_PRIORITY_VERY_HIGH;
 225              		.loc 1 130 30 is_stmt 0 view .LVU64
 226 00a2 C561     		str	r5, [r0, #28]
 131:Core/Src/stm32h7xx_hal_msp.c ****     hdma_usart3_rx.Init.FIFOMode = DMA_FIFOMODE_DISABLE;
 227              		.loc 1 131 5 is_stmt 1 view .LVU65
 131:Core/Src/stm32h7xx_hal_msp.c ****     hdma_usart3_rx.Init.FIFOMode = DMA_FIFOMODE_DISABLE;
 228              		.loc 1 131 34 is_stmt 0 view .LVU66
 229 00a4 4FF44033 		mov	r3, #196608
 230 00a8 0362     		str	r3, [r0, #32]
 132:Core/Src/stm32h7xx_hal_msp.c ****     if (HAL_DMA_Init(&hdma_usart3_rx) != HAL_OK)
 231              		.loc 1 132 5 is_stmt 1 view .LVU67
 132:Core/Src/stm32h7xx_hal_msp.c ****     if (HAL_DMA_Init(&hdma_usart3_rx) != HAL_OK)
 232              		.loc 1 132 34 is_stmt 0 view .LVU68
 233 00aa 4562     		str	r5, [r0, #36]
 133:Core/Src/stm32h7xx_hal_msp.c ****     {
 234              		.loc 1 133 5 is_stmt 1 view .LVU69
 133:Core/Src/stm32h7xx_hal_msp.c ****     {
 235              		.loc 1 133 9 is_stmt 0 view .LVU70
 236 00ac FFF7FEFF 		bl	HAL_DMA_Init
 237              	.LVL6:
 133:Core/Src/stm32h7xx_hal_msp.c ****     {
 238              		.loc 1 133 8 view .LVU71
 239 00b0 30BB     		cbnz	r0, .L13
ARM GAS  /tmp/ccPaox1M.s 			page 9


 240              	.L8:
 138:Core/Src/stm32h7xx_hal_msp.c **** 
 241              		.loc 1 138 5 is_stmt 1 view .LVU72
 138:Core/Src/stm32h7xx_hal_msp.c **** 
 242              		.loc 1 138 5 view .LVU73
 243 00b2 194B     		ldr	r3, .L15+12
 244 00b4 C4F88030 		str	r3, [r4, #128]
 138:Core/Src/stm32h7xx_hal_msp.c **** 
 245              		.loc 1 138 5 view .LVU74
 246 00b8 9C63     		str	r4, [r3, #56]
 138:Core/Src/stm32h7xx_hal_msp.c **** 
 247              		.loc 1 138 5 view .LVU75
 141:Core/Src/stm32h7xx_hal_msp.c ****     hdma_usart3_tx.Init.Request = DMA_REQUEST_USART3_TX;
 248              		.loc 1 141 5 view .LVU76
 141:Core/Src/stm32h7xx_hal_msp.c ****     hdma_usart3_tx.Init.Request = DMA_REQUEST_USART3_TX;
 249              		.loc 1 141 29 is_stmt 0 view .LVU77
 250 00ba 1948     		ldr	r0, .L15+20
 251 00bc 194B     		ldr	r3, .L15+24
 252 00be 0360     		str	r3, [r0]
 142:Core/Src/stm32h7xx_hal_msp.c ****     hdma_usart3_tx.Init.Direction = DMA_MEMORY_TO_PERIPH;
 253              		.loc 1 142 5 is_stmt 1 view .LVU78
 142:Core/Src/stm32h7xx_hal_msp.c ****     hdma_usart3_tx.Init.Direction = DMA_MEMORY_TO_PERIPH;
 254              		.loc 1 142 33 is_stmt 0 view .LVU79
 255 00c0 2E23     		movs	r3, #46
 256 00c2 4360     		str	r3, [r0, #4]
 143:Core/Src/stm32h7xx_hal_msp.c ****     hdma_usart3_tx.Init.PeriphInc = DMA_PINC_DISABLE;
 257              		.loc 1 143 5 is_stmt 1 view .LVU80
 143:Core/Src/stm32h7xx_hal_msp.c ****     hdma_usart3_tx.Init.PeriphInc = DMA_PINC_DISABLE;
 258              		.loc 1 143 35 is_stmt 0 view .LVU81
 259 00c4 4023     		movs	r3, #64
 260 00c6 8360     		str	r3, [r0, #8]
 144:Core/Src/stm32h7xx_hal_msp.c ****     hdma_usart3_tx.Init.MemInc = DMA_MINC_ENABLE;
 261              		.loc 1 144 5 is_stmt 1 view .LVU82
 144:Core/Src/stm32h7xx_hal_msp.c ****     hdma_usart3_tx.Init.MemInc = DMA_MINC_ENABLE;
 262              		.loc 1 144 35 is_stmt 0 view .LVU83
 263 00c8 0023     		movs	r3, #0
 264 00ca C360     		str	r3, [r0, #12]
 145:Core/Src/stm32h7xx_hal_msp.c ****     hdma_usart3_tx.Init.PeriphDataAlignment = DMA_PDATAALIGN_BYTE;
 265              		.loc 1 145 5 is_stmt 1 view .LVU84
 145:Core/Src/stm32h7xx_hal_msp.c ****     hdma_usart3_tx.Init.PeriphDataAlignment = DMA_PDATAALIGN_BYTE;
 266              		.loc 1 145 32 is_stmt 0 view .LVU85
 267 00cc 4FF48062 		mov	r2, #1024
 268 00d0 0261     		str	r2, [r0, #16]
 146:Core/Src/stm32h7xx_hal_msp.c ****     hdma_usart3_tx.Init.MemDataAlignment = DMA_MDATAALIGN_BYTE;
 269              		.loc 1 146 5 is_stmt 1 view .LVU86
 146:Core/Src/stm32h7xx_hal_msp.c ****     hdma_usart3_tx.Init.MemDataAlignment = DMA_MDATAALIGN_BYTE;
 270              		.loc 1 146 45 is_stmt 0 view .LVU87
 271 00d2 4361     		str	r3, [r0, #20]
 147:Core/Src/stm32h7xx_hal_msp.c ****     hdma_usart3_tx.Init.Mode = DMA_NORMAL;
 272              		.loc 1 147 5 is_stmt 1 view .LVU88
 147:Core/Src/stm32h7xx_hal_msp.c ****     hdma_usart3_tx.Init.Mode = DMA_NORMAL;
 273              		.loc 1 147 42 is_stmt 0 view .LVU89
 274 00d4 8361     		str	r3, [r0, #24]
 148:Core/Src/stm32h7xx_hal_msp.c ****     hdma_usart3_tx.Init.Priority = DMA_PRIORITY_LOW;
 275              		.loc 1 148 5 is_stmt 1 view .LVU90
 148:Core/Src/stm32h7xx_hal_msp.c ****     hdma_usart3_tx.Init.Priority = DMA_PRIORITY_LOW;
 276              		.loc 1 148 30 is_stmt 0 view .LVU91
ARM GAS  /tmp/ccPaox1M.s 			page 10


 277 00d6 C361     		str	r3, [r0, #28]
 149:Core/Src/stm32h7xx_hal_msp.c ****     hdma_usart3_tx.Init.FIFOMode = DMA_FIFOMODE_DISABLE;
 278              		.loc 1 149 5 is_stmt 1 view .LVU92
 149:Core/Src/stm32h7xx_hal_msp.c ****     hdma_usart3_tx.Init.FIFOMode = DMA_FIFOMODE_DISABLE;
 279              		.loc 1 149 34 is_stmt 0 view .LVU93
 280 00d8 0362     		str	r3, [r0, #32]
 150:Core/Src/stm32h7xx_hal_msp.c ****     if (HAL_DMA_Init(&hdma_usart3_tx) != HAL_OK)
 281              		.loc 1 150 5 is_stmt 1 view .LVU94
 150:Core/Src/stm32h7xx_hal_msp.c ****     if (HAL_DMA_Init(&hdma_usart3_tx) != HAL_OK)
 282              		.loc 1 150 34 is_stmt 0 view .LVU95
 283 00da 4362     		str	r3, [r0, #36]
 151:Core/Src/stm32h7xx_hal_msp.c ****     {
 284              		.loc 1 151 5 is_stmt 1 view .LVU96
 151:Core/Src/stm32h7xx_hal_msp.c ****     {
 285              		.loc 1 151 9 is_stmt 0 view .LVU97
 286 00dc FFF7FEFF 		bl	HAL_DMA_Init
 287              	.LVL7:
 151:Core/Src/stm32h7xx_hal_msp.c ****     {
 288              		.loc 1 151 8 view .LVU98
 289 00e0 88B9     		cbnz	r0, .L14
 290              	.L9:
 156:Core/Src/stm32h7xx_hal_msp.c **** 
 291              		.loc 1 156 5 is_stmt 1 view .LVU99
 156:Core/Src/stm32h7xx_hal_msp.c **** 
 292              		.loc 1 156 5 view .LVU100
 293 00e2 0F4B     		ldr	r3, .L15+20
 294 00e4 E367     		str	r3, [r4, #124]
 156:Core/Src/stm32h7xx_hal_msp.c **** 
 295              		.loc 1 156 5 view .LVU101
 296 00e6 9C63     		str	r4, [r3, #56]
 156:Core/Src/stm32h7xx_hal_msp.c **** 
 297              		.loc 1 156 5 view .LVU102
 159:Core/Src/stm32h7xx_hal_msp.c ****     HAL_NVIC_EnableIRQ(USART3_IRQn);
 298              		.loc 1 159 5 view .LVU103
 299 00e8 0022     		movs	r2, #0
 300 00ea 1146     		mov	r1, r2
 301 00ec 2720     		movs	r0, #39
 302 00ee FFF7FEFF 		bl	HAL_NVIC_SetPriority
 303              	.LVL8:
 160:Core/Src/stm32h7xx_hal_msp.c ****     /* USER CODE BEGIN USART3_MspInit 1 */
 304              		.loc 1 160 5 view .LVU104
 305 00f2 2720     		movs	r0, #39
 306 00f4 FFF7FEFF 		bl	HAL_NVIC_EnableIRQ
 307              	.LVL9:
 308              		.loc 1 167 1 is_stmt 0 view .LVU105
 309 00f8 93E7     		b	.L5
 310              	.L12:
 103:Core/Src/stm32h7xx_hal_msp.c ****     }
 311              		.loc 1 103 7 is_stmt 1 view .LVU106
 312 00fa FFF7FEFF 		bl	Error_Handler
 313              	.LVL10:
 314 00fe 9DE7     		b	.L7
 315              	.L13:
 135:Core/Src/stm32h7xx_hal_msp.c ****     }
 316              		.loc 1 135 7 view .LVU107
 317 0100 FFF7FEFF 		bl	Error_Handler
 318              	.LVL11:
ARM GAS  /tmp/ccPaox1M.s 			page 11


 319 0104 D5E7     		b	.L8
 320              	.L14:
 153:Core/Src/stm32h7xx_hal_msp.c ****     }
 321              		.loc 1 153 7 view .LVU108
 322 0106 FFF7FEFF 		bl	Error_Handler
 323              	.LVL12:
 324 010a EAE7     		b	.L9
 325              	.L16:
 326              		.align	2
 327              	.L15:
 328 010c 00480040 		.word	1073760256
 329 0110 00440258 		.word	1476543488
 330 0114 000C0258 		.word	1476529152
 331 0118 00000000 		.word	hdma_usart3_rx
 332 011c 10000240 		.word	1073872912
 333 0120 00000000 		.word	hdma_usart3_tx
 334 0124 28000240 		.word	1073872936
 335              		.cfi_endproc
 336              	.LFE147:
 338              		.section	.text.HAL_UART_MspDeInit,"ax",%progbits
 339              		.align	1
 340              		.global	HAL_UART_MspDeInit
 341              		.syntax unified
 342              		.thumb
 343              		.thumb_func
 344              		.fpu fpv5-d16
 346              	HAL_UART_MspDeInit:
 347              	.LVL13:
 348              	.LFB148:
 168:Core/Src/stm32h7xx_hal_msp.c **** 
 169:Core/Src/stm32h7xx_hal_msp.c **** /**
 170:Core/Src/stm32h7xx_hal_msp.c ****   * @brief UART MSP De-Initialization
 171:Core/Src/stm32h7xx_hal_msp.c ****   * This function freeze the hardware resources used in this example
 172:Core/Src/stm32h7xx_hal_msp.c ****   * @param huart: UART handle pointer
 173:Core/Src/stm32h7xx_hal_msp.c ****   * @retval None
 174:Core/Src/stm32h7xx_hal_msp.c ****   */
 175:Core/Src/stm32h7xx_hal_msp.c **** void HAL_UART_MspDeInit(UART_HandleTypeDef* huart)
 176:Core/Src/stm32h7xx_hal_msp.c **** {
 349              		.loc 1 176 1 view -0
 350              		.cfi_startproc
 351              		@ args = 0, pretend = 0, frame = 0
 352              		@ frame_needed = 0, uses_anonymous_args = 0
 177:Core/Src/stm32h7xx_hal_msp.c ****   if(huart->Instance==USART3)
 353              		.loc 1 177 3 view .LVU110
 354              		.loc 1 177 11 is_stmt 0 view .LVU111
 355 0000 0268     		ldr	r2, [r0]
 356              		.loc 1 177 5 view .LVU112
 357 0002 0E4B     		ldr	r3, .L24
 358 0004 9A42     		cmp	r2, r3
 359 0006 00D0     		beq	.L23
 360 0008 7047     		bx	lr
 361              	.L23:
 176:Core/Src/stm32h7xx_hal_msp.c ****   if(huart->Instance==USART3)
 362              		.loc 1 176 1 view .LVU113
 363 000a 10B5     		push	{r4, lr}
 364              	.LCFI6:
 365              		.cfi_def_cfa_offset 8
ARM GAS  /tmp/ccPaox1M.s 			page 12


 366              		.cfi_offset 4, -8
 367              		.cfi_offset 14, -4
 368 000c 0446     		mov	r4, r0
 178:Core/Src/stm32h7xx_hal_msp.c ****   {
 179:Core/Src/stm32h7xx_hal_msp.c ****     /* USER CODE BEGIN USART3_MspDeInit 0 */
 180:Core/Src/stm32h7xx_hal_msp.c **** 
 181:Core/Src/stm32h7xx_hal_msp.c ****     /* USER CODE END USART3_MspDeInit 0 */
 182:Core/Src/stm32h7xx_hal_msp.c ****     /* Peripheral clock disable */
 183:Core/Src/stm32h7xx_hal_msp.c ****     __HAL_RCC_USART3_CLK_DISABLE();
 369              		.loc 1 183 5 is_stmt 1 view .LVU114
 370 000e 0C4A     		ldr	r2, .L24+4
 371 0010 D2F8E830 		ldr	r3, [r2, #232]
 372 0014 23F48023 		bic	r3, r3, #262144
 373 0018 C2F8E830 		str	r3, [r2, #232]
 184:Core/Src/stm32h7xx_hal_msp.c **** 
 185:Core/Src/stm32h7xx_hal_msp.c ****     /**USART3 GPIO Configuration
 186:Core/Src/stm32h7xx_hal_msp.c ****     PD8     ------> USART3_TX
 187:Core/Src/stm32h7xx_hal_msp.c ****     PD9     ------> USART3_RX
 188:Core/Src/stm32h7xx_hal_msp.c ****     */
 189:Core/Src/stm32h7xx_hal_msp.c ****     HAL_GPIO_DeInit(GPIOD, GPIO_PIN_8|GPIO_PIN_9);
 374              		.loc 1 189 5 view .LVU115
 375 001c 4FF44071 		mov	r1, #768
 376 0020 0848     		ldr	r0, .L24+8
 377              	.LVL14:
 378              		.loc 1 189 5 is_stmt 0 view .LVU116
 379 0022 FFF7FEFF 		bl	HAL_GPIO_DeInit
 380              	.LVL15:
 190:Core/Src/stm32h7xx_hal_msp.c **** 
 191:Core/Src/stm32h7xx_hal_msp.c ****     /* USART3 DMA DeInit */
 192:Core/Src/stm32h7xx_hal_msp.c ****     HAL_DMA_DeInit(huart->hdmarx);
 381              		.loc 1 192 5 is_stmt 1 view .LVU117
 382 0026 D4F88000 		ldr	r0, [r4, #128]
 383 002a FFF7FEFF 		bl	HAL_DMA_DeInit
 384              	.LVL16:
 193:Core/Src/stm32h7xx_hal_msp.c ****     HAL_DMA_DeInit(huart->hdmatx);
 385              		.loc 1 193 5 view .LVU118
 386 002e E06F     		ldr	r0, [r4, #124]
 387 0030 FFF7FEFF 		bl	HAL_DMA_DeInit
 388              	.LVL17:
 194:Core/Src/stm32h7xx_hal_msp.c **** 
 195:Core/Src/stm32h7xx_hal_msp.c ****     /* USART3 interrupt DeInit */
 196:Core/Src/stm32h7xx_hal_msp.c ****     HAL_NVIC_DisableIRQ(USART3_IRQn);
 389              		.loc 1 196 5 view .LVU119
 390 0034 2720     		movs	r0, #39
 391 0036 FFF7FEFF 		bl	HAL_NVIC_DisableIRQ
 392              	.LVL18:
 197:Core/Src/stm32h7xx_hal_msp.c ****     /* USER CODE BEGIN USART3_MspDeInit 1 */
 198:Core/Src/stm32h7xx_hal_msp.c **** 
 199:Core/Src/stm32h7xx_hal_msp.c ****     /* USER CODE END USART3_MspDeInit 1 */
 200:Core/Src/stm32h7xx_hal_msp.c ****   }
 201:Core/Src/stm32h7xx_hal_msp.c **** 
 202:Core/Src/stm32h7xx_hal_msp.c **** }
 393              		.loc 1 202 1 is_stmt 0 view .LVU120
 394 003a 10BD     		pop	{r4, pc}
 395              	.LVL19:
 396              	.L25:
 397              		.loc 1 202 1 view .LVU121
ARM GAS  /tmp/ccPaox1M.s 			page 13


 398              		.align	2
 399              	.L24:
 400 003c 00480040 		.word	1073760256
 401 0040 00440258 		.word	1476543488
 402 0044 000C0258 		.word	1476529152
 403              		.cfi_endproc
 404              	.LFE148:
 406              		.text
 407              	.Letext0:
 408              		.file 2 "/usr/arm-none-eabi/include/machine/_default_types.h"
 409              		.file 3 "/usr/arm-none-eabi/include/sys/_stdint.h"
 410              		.file 4 "Drivers/CMSIS/Include/core_cm7.h"
 411              		.file 5 "Drivers/CMSIS/Device/ST/STM32H7xx/Include/system_stm32h7xx.h"
 412              		.file 6 "Drivers/CMSIS/Device/ST/STM32H7xx/Include/stm32h753xx.h"
 413              		.file 7 "/usr/arm-none-eabi/include/sys/lock.h"
 414              		.file 8 "/usr/arm-none-eabi/include/sys/_types.h"
 415              		.file 9 "/usr/lib/gcc/arm-none-eabi/9.3.0/include/stddef.h"
 416              		.file 10 "/usr/arm-none-eabi/include/sys/reent.h"
 417              		.file 11 "/usr/arm-none-eabi/include/math.h"
 418              		.file 12 "Drivers/STM32H7xx_HAL_Driver/Inc/stm32h7xx_hal_def.h"
 419              		.file 13 "Drivers/STM32H7xx_HAL_Driver/Inc/stm32h7xx_hal_rcc_ex.h"
 420              		.file 14 "Drivers/STM32H7xx_HAL_Driver/Inc/stm32h7xx_hal_gpio.h"
 421              		.file 15 "Drivers/STM32H7xx_HAL_Driver/Inc/stm32h7xx_hal_dma.h"
 422              		.file 16 "Drivers/STM32H7xx_HAL_Driver/Inc/stm32h7xx_hal_flash.h"
 423              		.file 17 "Drivers/STM32H7xx_HAL_Driver/Inc/stm32h7xx_hal_uart.h"
 424              		.file 18 "Drivers/STM32H7xx_HAL_Driver/Inc/stm32h7xx_hal.h"
 425              		.file 19 "Drivers/STM32H7xx_HAL_Driver/Inc/stm32h7xx_hal_cortex.h"
 426              		.file 20 "Core/Inc/main.h"
 427              		.file 21 "<built-in>"
ARM GAS  /tmp/ccPaox1M.s 			page 14


DEFINED SYMBOLS
                            *ABS*:0000000000000000 stm32h7xx_hal_msp.c
     /tmp/ccPaox1M.s:17     .text.HAL_MspInit:0000000000000000 $t
     /tmp/ccPaox1M.s:25     .text.HAL_MspInit:0000000000000000 HAL_MspInit
     /tmp/ccPaox1M.s:61     .text.HAL_MspInit:0000000000000020 $d
     /tmp/ccPaox1M.s:66     .text.HAL_UART_MspInit:0000000000000000 $t
     /tmp/ccPaox1M.s:73     .text.HAL_UART_MspInit:0000000000000000 HAL_UART_MspInit
     /tmp/ccPaox1M.s:328    .text.HAL_UART_MspInit:000000000000010c $d
     /tmp/ccPaox1M.s:339    .text.HAL_UART_MspDeInit:0000000000000000 $t
     /tmp/ccPaox1M.s:346    .text.HAL_UART_MspDeInit:0000000000000000 HAL_UART_MspDeInit
     /tmp/ccPaox1M.s:400    .text.HAL_UART_MspDeInit:000000000000003c $d

UNDEFINED SYMBOLS
memset
HAL_RCCEx_PeriphCLKConfig
HAL_GPIO_Init
HAL_DMA_Init
HAL_NVIC_SetPriority
HAL_NVIC_EnableIRQ
Error_Handler
hdma_usart3_rx
hdma_usart3_tx
HAL_GPIO_DeInit
HAL_DMA_DeInit
HAL_NVIC_DisableIRQ
