ARM GAS  /tmp/cc5pu9t1.s 			page 1


   1              		.cpu cortex-m7
   2              		.eabi_attribute 28, 1
   3              		.eabi_attribute 20, 1
   4              		.eabi_attribute 21, 1
   5              		.eabi_attribute 23, 3
   6              		.eabi_attribute 24, 1
   7              		.eabi_attribute 25, 1
   8              		.eabi_attribute 26, 1
   9              		.eabi_attribute 30, 1
  10              		.eabi_attribute 34, 1
  11              		.eabi_attribute 18, 4
  12              		.file	"syscalls.c"
  13              		.text
  14              	.Ltext0:
  15              		.cfi_sections	.debug_frame
  16              		.section	.text.initialise_monitor_handles,"ax",%progbits
  17              		.align	1
  18              		.global	initialise_monitor_handles
  19              		.arch armv7e-m
  20              		.syntax unified
  21              		.thumb
  22              		.thumb_func
  23              		.fpu fpv5-d16
  25              	initialise_monitor_handles:
  26              	.LFB25:
  27              		.file 1 "Core/Src/syscalls.c"
   1:Core/Src/syscalls.c **** /**
   2:Core/Src/syscalls.c ****  ******************************************************************************
   3:Core/Src/syscalls.c ****  * @file      syscalls.c
   4:Core/Src/syscalls.c ****  * @author    Auto-generated by STM32CubeMX
   5:Core/Src/syscalls.c ****  * @brief     Minimal System calls file
   6:Core/Src/syscalls.c ****  *
   7:Core/Src/syscalls.c ****  *            For more information about which c-functions
   8:Core/Src/syscalls.c ****  *            need which of these lowlevel functions
   9:Core/Src/syscalls.c ****  *            please consult the Newlib or Picolibc libc-manual
  10:Core/Src/syscalls.c ****  ******************************************************************************
  11:Core/Src/syscalls.c ****  * @attention
  12:Core/Src/syscalls.c ****  *
  13:Core/Src/syscalls.c ****  * Copyright (c) 2020-2025 STMicroelectronics.
  14:Core/Src/syscalls.c ****  * All rights reserved.
  15:Core/Src/syscalls.c ****  *
  16:Core/Src/syscalls.c ****  * This software is licensed under terms that can be found in the LICENSE file
  17:Core/Src/syscalls.c ****  * in the root directory of this software component.
  18:Core/Src/syscalls.c ****  * If no LICENSE file comes with this software, it is provided AS-IS.
  19:Core/Src/syscalls.c ****  *
  20:Core/Src/syscalls.c ****  ******************************************************************************
  21:Core/Src/syscalls.c ****  */
  22:Core/Src/syscalls.c **** 
  23:Core/Src/syscalls.c **** /* Includes */
  24:Core/Src/syscalls.c **** #include <sys/stat.h>
  25:Core/Src/syscalls.c **** #include <stdlib.h>
  26:Core/Src/syscalls.c **** #include <errno.h>
  27:Core/Src/syscalls.c **** #include <stdio.h>
  28:Core/Src/syscalls.c **** #include <signal.h>
  29:Core/Src/syscalls.c **** #include <time.h>
  30:Core/Src/syscalls.c **** #include <sys/time.h>
  31:Core/Src/syscalls.c **** #include <sys/times.h>
ARM GAS  /tmp/cc5pu9t1.s 			page 2


  32:Core/Src/syscalls.c **** 
  33:Core/Src/syscalls.c **** 
  34:Core/Src/syscalls.c **** /* Variables */
  35:Core/Src/syscalls.c **** extern int __io_putchar(int ch) __attribute__((weak));
  36:Core/Src/syscalls.c **** extern int __io_getchar(void) __attribute__((weak));
  37:Core/Src/syscalls.c **** 
  38:Core/Src/syscalls.c **** 
  39:Core/Src/syscalls.c **** char *__env[1] = { 0 };
  40:Core/Src/syscalls.c **** char **environ = __env;
  41:Core/Src/syscalls.c **** 
  42:Core/Src/syscalls.c **** 
  43:Core/Src/syscalls.c **** /* Functions */
  44:Core/Src/syscalls.c **** void initialise_monitor_handles()
  45:Core/Src/syscalls.c **** {
  28              		.loc 1 45 1 view -0
  29              		.cfi_startproc
  30              		@ args = 0, pretend = 0, frame = 0
  31              		@ frame_needed = 0, uses_anonymous_args = 0
  32              		@ link register save eliminated.
  46:Core/Src/syscalls.c **** }
  33              		.loc 1 46 1 view .LVU1
  34 0000 7047     		bx	lr
  35              		.cfi_endproc
  36              	.LFE25:
  38              		.section	.text._getpid,"ax",%progbits
  39              		.align	1
  40              		.global	_getpid
  41              		.syntax unified
  42              		.thumb
  43              		.thumb_func
  44              		.fpu fpv5-d16
  46              	_getpid:
  47              	.LFB26:
  47:Core/Src/syscalls.c **** 
  48:Core/Src/syscalls.c **** int _getpid(void)
  49:Core/Src/syscalls.c **** {
  48              		.loc 1 49 1 view -0
  49              		.cfi_startproc
  50              		@ args = 0, pretend = 0, frame = 0
  51              		@ frame_needed = 0, uses_anonymous_args = 0
  52              		@ link register save eliminated.
  50:Core/Src/syscalls.c ****   return 1;
  53              		.loc 1 50 3 view .LVU3
  51:Core/Src/syscalls.c **** }
  54              		.loc 1 51 1 is_stmt 0 view .LVU4
  55 0000 0120     		movs	r0, #1
  56 0002 7047     		bx	lr
  57              		.cfi_endproc
  58              	.LFE26:
  60              		.section	.text._kill,"ax",%progbits
  61              		.align	1
  62              		.global	_kill
  63              		.syntax unified
  64              		.thumb
  65              		.thumb_func
  66              		.fpu fpv5-d16
  68              	_kill:
ARM GAS  /tmp/cc5pu9t1.s 			page 3


  69              	.LVL0:
  70              	.LFB27:
  52:Core/Src/syscalls.c **** 
  53:Core/Src/syscalls.c **** int _kill(int pid, int sig)
  54:Core/Src/syscalls.c **** {
  71              		.loc 1 54 1 is_stmt 1 view -0
  72              		.cfi_startproc
  73              		@ args = 0, pretend = 0, frame = 0
  74              		@ frame_needed = 0, uses_anonymous_args = 0
  75              		.loc 1 54 1 is_stmt 0 view .LVU6
  76 0000 08B5     		push	{r3, lr}
  77              	.LCFI0:
  78              		.cfi_def_cfa_offset 8
  79              		.cfi_offset 3, -8
  80              		.cfi_offset 14, -4
  55:Core/Src/syscalls.c ****   (void)pid;
  81              		.loc 1 55 3 is_stmt 1 view .LVU7
  56:Core/Src/syscalls.c ****   (void)sig;
  82              		.loc 1 56 3 view .LVU8
  57:Core/Src/syscalls.c ****   errno = EINVAL;
  83              		.loc 1 57 3 view .LVU9
  84 0002 FFF7FEFF 		bl	__errno
  85              	.LVL1:
  86              		.loc 1 57 9 is_stmt 0 view .LVU10
  87 0006 1623     		movs	r3, #22
  88 0008 0360     		str	r3, [r0]
  58:Core/Src/syscalls.c ****   return -1;
  89              		.loc 1 58 3 is_stmt 1 view .LVU11
  59:Core/Src/syscalls.c **** }
  90              		.loc 1 59 1 is_stmt 0 view .LVU12
  91 000a 4FF0FF30 		mov	r0, #-1
  92 000e 08BD     		pop	{r3, pc}
  93              		.cfi_endproc
  94              	.LFE27:
  96              		.section	.text._exit,"ax",%progbits
  97              		.align	1
  98              		.global	_exit
  99              		.syntax unified
 100              		.thumb
 101              		.thumb_func
 102              		.fpu fpv5-d16
 104              	_exit:
 105              	.LVL2:
 106              	.LFB28:
  60:Core/Src/syscalls.c **** 
  61:Core/Src/syscalls.c **** void _exit (int status)
  62:Core/Src/syscalls.c **** {
 107              		.loc 1 62 1 is_stmt 1 view -0
 108              		.cfi_startproc
 109              		@ Volatile: function does not return.
 110              		@ args = 0, pretend = 0, frame = 0
 111              		@ frame_needed = 0, uses_anonymous_args = 0
 112              		.loc 1 62 1 is_stmt 0 view .LVU14
 113 0000 08B5     		push	{r3, lr}
 114              	.LCFI1:
 115              		.cfi_def_cfa_offset 8
 116              		.cfi_offset 3, -8
ARM GAS  /tmp/cc5pu9t1.s 			page 4


 117              		.cfi_offset 14, -4
  63:Core/Src/syscalls.c ****   _kill(status, -1);
 118              		.loc 1 63 3 is_stmt 1 view .LVU15
 119 0002 4FF0FF31 		mov	r1, #-1
 120 0006 FFF7FEFF 		bl	_kill
 121              	.LVL3:
 122              	.L6:
  64:Core/Src/syscalls.c ****   while (1) {}    /* Make sure we hang here */
 123              		.loc 1 64 3 discriminator 1 view .LVU16
 124              		.loc 1 64 14 discriminator 1 view .LVU17
 125              		.loc 1 64 9 discriminator 1 view .LVU18
 126 000a FEE7     		b	.L6
 127              		.cfi_endproc
 128              	.LFE28:
 130              		.section	.text._read,"ax",%progbits
 131              		.align	1
 132              		.weak	_read
 133              		.syntax unified
 134              		.thumb
 135              		.thumb_func
 136              		.fpu fpv5-d16
 138              	_read:
 139              	.LVL4:
 140              	.LFB29:
  65:Core/Src/syscalls.c **** }
  66:Core/Src/syscalls.c **** 
  67:Core/Src/syscalls.c **** __attribute__((weak)) int _read(int file, char *ptr, int len)
  68:Core/Src/syscalls.c **** {
 141              		.loc 1 68 1 view -0
 142              		.cfi_startproc
 143              		@ args = 0, pretend = 0, frame = 0
 144              		@ frame_needed = 0, uses_anonymous_args = 0
 145              		.loc 1 68 1 is_stmt 0 view .LVU20
 146 0000 70B5     		push	{r4, r5, r6, lr}
 147              	.LCFI2:
 148              		.cfi_def_cfa_offset 16
 149              		.cfi_offset 4, -16
 150              		.cfi_offset 5, -12
 151              		.cfi_offset 6, -8
 152              		.cfi_offset 14, -4
 153 0002 0C46     		mov	r4, r1
 154 0004 1646     		mov	r6, r2
  69:Core/Src/syscalls.c ****   (void)file;
 155              		.loc 1 69 3 is_stmt 1 view .LVU21
  70:Core/Src/syscalls.c ****   int DataIdx;
 156              		.loc 1 70 3 view .LVU22
  71:Core/Src/syscalls.c **** 
  72:Core/Src/syscalls.c ****   for (DataIdx = 0; DataIdx < len; DataIdx++)
 157              		.loc 1 72 3 view .LVU23
 158              	.LVL5:
 159              		.loc 1 72 16 is_stmt 0 view .LVU24
 160 0006 0025     		movs	r5, #0
 161              	.LVL6:
 162              	.L9:
 163              		.loc 1 72 21 is_stmt 1 discriminator 1 view .LVU25
 164              		.loc 1 72 3 is_stmt 0 discriminator 1 view .LVU26
 165 0008 B542     		cmp	r5, r6
ARM GAS  /tmp/cc5pu9t1.s 			page 5


 166 000a 07DA     		bge	.L12
  73:Core/Src/syscalls.c ****   {
  74:Core/Src/syscalls.c ****     *ptr++ = __io_getchar();
 167              		.loc 1 74 5 is_stmt 1 discriminator 3 view .LVU27
 168              		.loc 1 74 14 is_stmt 0 discriminator 3 view .LVU28
 169 000c FFF7FEFF 		bl	__io_getchar
 170              	.LVL7:
 171              		.loc 1 74 9 discriminator 3 view .LVU29
 172 0010 2146     		mov	r1, r4
 173              	.LVL8:
 174              		.loc 1 74 12 discriminator 3 view .LVU30
 175 0012 01F8010B 		strb	r0, [r1], #1
 176              	.LVL9:
  72:Core/Src/syscalls.c ****   {
 177              		.loc 1 72 36 is_stmt 1 discriminator 3 view .LVU31
  72:Core/Src/syscalls.c ****   {
 178              		.loc 1 72 43 is_stmt 0 discriminator 3 view .LVU32
 179 0016 0135     		adds	r5, r5, #1
 180              	.LVL10:
 181              		.loc 1 74 9 discriminator 3 view .LVU33
 182 0018 0C46     		mov	r4, r1
 183 001a F5E7     		b	.L9
 184              	.L12:
  75:Core/Src/syscalls.c ****   }
  76:Core/Src/syscalls.c **** 
  77:Core/Src/syscalls.c ****   return len;
 185              		.loc 1 77 3 is_stmt 1 view .LVU34
  78:Core/Src/syscalls.c **** }
 186              		.loc 1 78 1 is_stmt 0 view .LVU35
 187 001c 3046     		mov	r0, r6
 188 001e 70BD     		pop	{r4, r5, r6, pc}
 189              		.loc 1 78 1 view .LVU36
 190              		.cfi_endproc
 191              	.LFE29:
 193              		.section	.text._write,"ax",%progbits
 194              		.align	1
 195              		.weak	_write
 196              		.syntax unified
 197              		.thumb
 198              		.thumb_func
 199              		.fpu fpv5-d16
 201              	_write:
 202              	.LVL11:
 203              	.LFB30:
  79:Core/Src/syscalls.c **** 
  80:Core/Src/syscalls.c **** __attribute__((weak)) int _write(int file, char *ptr, int len)
  81:Core/Src/syscalls.c **** {
 204              		.loc 1 81 1 is_stmt 1 view -0
 205              		.cfi_startproc
 206              		@ args = 0, pretend = 0, frame = 0
 207              		@ frame_needed = 0, uses_anonymous_args = 0
 208              		.loc 1 81 1 is_stmt 0 view .LVU38
 209 0000 70B5     		push	{r4, r5, r6, lr}
 210              	.LCFI3:
 211              		.cfi_def_cfa_offset 16
 212              		.cfi_offset 4, -16
 213              		.cfi_offset 5, -12
ARM GAS  /tmp/cc5pu9t1.s 			page 6


 214              		.cfi_offset 6, -8
 215              		.cfi_offset 14, -4
 216 0002 0C46     		mov	r4, r1
 217 0004 1646     		mov	r6, r2
  82:Core/Src/syscalls.c ****   (void)file;
 218              		.loc 1 82 3 is_stmt 1 view .LVU39
  83:Core/Src/syscalls.c ****   int DataIdx;
 219              		.loc 1 83 3 view .LVU40
  84:Core/Src/syscalls.c **** 
  85:Core/Src/syscalls.c ****   for (DataIdx = 0; DataIdx < len; DataIdx++)
 220              		.loc 1 85 3 view .LVU41
 221              	.LVL12:
 222              		.loc 1 85 16 is_stmt 0 view .LVU42
 223 0006 0025     		movs	r5, #0
 224              	.LVL13:
 225              	.L14:
 226              		.loc 1 85 21 is_stmt 1 discriminator 1 view .LVU43
 227              		.loc 1 85 3 is_stmt 0 discriminator 1 view .LVU44
 228 0008 B542     		cmp	r5, r6
 229 000a 05DA     		bge	.L17
  86:Core/Src/syscalls.c ****   {
  87:Core/Src/syscalls.c ****     __io_putchar(*ptr++);
 230              		.loc 1 87 5 is_stmt 1 discriminator 3 view .LVU45
 231              	.LVL14:
 232              		.loc 1 87 5 is_stmt 0 discriminator 3 view .LVU46
 233 000c 14F8010B 		ldrb	r0, [r4], #1	@ zero_extendqisi2
 234              	.LVL15:
 235              		.loc 1 87 5 discriminator 3 view .LVU47
 236 0010 FFF7FEFF 		bl	__io_putchar
 237              	.LVL16:
  85:Core/Src/syscalls.c ****   {
 238              		.loc 1 85 36 is_stmt 1 discriminator 3 view .LVU48
  85:Core/Src/syscalls.c ****   {
 239              		.loc 1 85 43 is_stmt 0 discriminator 3 view .LVU49
 240 0014 0135     		adds	r5, r5, #1
 241              	.LVL17:
  85:Core/Src/syscalls.c ****   {
 242              		.loc 1 85 43 discriminator 3 view .LVU50
 243 0016 F7E7     		b	.L14
 244              	.L17:
  88:Core/Src/syscalls.c ****   }
  89:Core/Src/syscalls.c ****   return len;
 245              		.loc 1 89 3 is_stmt 1 view .LVU51
  90:Core/Src/syscalls.c **** }
 246              		.loc 1 90 1 is_stmt 0 view .LVU52
 247 0018 3046     		mov	r0, r6
 248 001a 70BD     		pop	{r4, r5, r6, pc}
 249              		.loc 1 90 1 view .LVU53
 250              		.cfi_endproc
 251              	.LFE30:
 253              		.section	.text._close,"ax",%progbits
 254              		.align	1
 255              		.global	_close
 256              		.syntax unified
 257              		.thumb
 258              		.thumb_func
 259              		.fpu fpv5-d16
ARM GAS  /tmp/cc5pu9t1.s 			page 7


 261              	_close:
 262              	.LVL18:
 263              	.LFB31:
  91:Core/Src/syscalls.c **** 
  92:Core/Src/syscalls.c **** int _close(int file)
  93:Core/Src/syscalls.c **** {
 264              		.loc 1 93 1 is_stmt 1 view -0
 265              		.cfi_startproc
 266              		@ args = 0, pretend = 0, frame = 0
 267              		@ frame_needed = 0, uses_anonymous_args = 0
 268              		@ link register save eliminated.
  94:Core/Src/syscalls.c ****   (void)file;
 269              		.loc 1 94 3 view .LVU55
  95:Core/Src/syscalls.c ****   return -1;
 270              		.loc 1 95 3 view .LVU56
  96:Core/Src/syscalls.c **** }
 271              		.loc 1 96 1 is_stmt 0 view .LVU57
 272 0000 4FF0FF30 		mov	r0, #-1
 273              	.LVL19:
 274              		.loc 1 96 1 view .LVU58
 275 0004 7047     		bx	lr
 276              		.cfi_endproc
 277              	.LFE31:
 279              		.section	.text._fstat,"ax",%progbits
 280              		.align	1
 281              		.global	_fstat
 282              		.syntax unified
 283              		.thumb
 284              		.thumb_func
 285              		.fpu fpv5-d16
 287              	_fstat:
 288              	.LVL20:
 289              	.LFB32:
  97:Core/Src/syscalls.c **** 
  98:Core/Src/syscalls.c **** 
  99:Core/Src/syscalls.c **** int _fstat(int file, struct stat *st)
 100:Core/Src/syscalls.c **** {
 290              		.loc 1 100 1 is_stmt 1 view -0
 291              		.cfi_startproc
 292              		@ args = 0, pretend = 0, frame = 0
 293              		@ frame_needed = 0, uses_anonymous_args = 0
 294              		@ link register save eliminated.
 101:Core/Src/syscalls.c ****   (void)file;
 295              		.loc 1 101 3 view .LVU60
 102:Core/Src/syscalls.c ****   st->st_mode = S_IFCHR;
 296              		.loc 1 102 3 view .LVU61
 297              		.loc 1 102 15 is_stmt 0 view .LVU62
 298 0000 4FF40053 		mov	r3, #8192
 299 0004 4B60     		str	r3, [r1, #4]
 103:Core/Src/syscalls.c ****   return 0;
 300              		.loc 1 103 3 is_stmt 1 view .LVU63
 104:Core/Src/syscalls.c **** }
 301              		.loc 1 104 1 is_stmt 0 view .LVU64
 302 0006 0020     		movs	r0, #0
 303              	.LVL21:
 304              		.loc 1 104 1 view .LVU65
 305 0008 7047     		bx	lr
ARM GAS  /tmp/cc5pu9t1.s 			page 8


 306              		.cfi_endproc
 307              	.LFE32:
 309              		.section	.text._isatty,"ax",%progbits
 310              		.align	1
 311              		.global	_isatty
 312              		.syntax unified
 313              		.thumb
 314              		.thumb_func
 315              		.fpu fpv5-d16
 317              	_isatty:
 318              	.LVL22:
 319              	.LFB33:
 105:Core/Src/syscalls.c **** 
 106:Core/Src/syscalls.c **** int _isatty(int file)
 107:Core/Src/syscalls.c **** {
 320              		.loc 1 107 1 is_stmt 1 view -0
 321              		.cfi_startproc
 322              		@ args = 0, pretend = 0, frame = 0
 323              		@ frame_needed = 0, uses_anonymous_args = 0
 324              		@ link register save eliminated.
 108:Core/Src/syscalls.c ****   (void)file;
 325              		.loc 1 108 3 view .LVU67
 109:Core/Src/syscalls.c ****   return 1;
 326              		.loc 1 109 3 view .LVU68
 110:Core/Src/syscalls.c **** }
 327              		.loc 1 110 1 is_stmt 0 view .LVU69
 328 0000 0120     		movs	r0, #1
 329              	.LVL23:
 330              		.loc 1 110 1 view .LVU70
 331 0002 7047     		bx	lr
 332              		.cfi_endproc
 333              	.LFE33:
 335              		.section	.text._lseek,"ax",%progbits
 336              		.align	1
 337              		.global	_lseek
 338              		.syntax unified
 339              		.thumb
 340              		.thumb_func
 341              		.fpu fpv5-d16
 343              	_lseek:
 344              	.LVL24:
 345              	.LFB34:
 111:Core/Src/syscalls.c **** 
 112:Core/Src/syscalls.c **** int _lseek(int file, int ptr, int dir)
 113:Core/Src/syscalls.c **** {
 346              		.loc 1 113 1 is_stmt 1 view -0
 347              		.cfi_startproc
 348              		@ args = 0, pretend = 0, frame = 0
 349              		@ frame_needed = 0, uses_anonymous_args = 0
 350              		@ link register save eliminated.
 114:Core/Src/syscalls.c ****   (void)file;
 351              		.loc 1 114 3 view .LVU72
 115:Core/Src/syscalls.c ****   (void)ptr;
 352              		.loc 1 115 3 view .LVU73
 116:Core/Src/syscalls.c ****   (void)dir;
 353              		.loc 1 116 3 view .LVU74
 117:Core/Src/syscalls.c ****   return 0;
ARM GAS  /tmp/cc5pu9t1.s 			page 9


 354              		.loc 1 117 3 view .LVU75
 118:Core/Src/syscalls.c **** }
 355              		.loc 1 118 1 is_stmt 0 view .LVU76
 356 0000 0020     		movs	r0, #0
 357              	.LVL25:
 358              		.loc 1 118 1 view .LVU77
 359 0002 7047     		bx	lr
 360              		.cfi_endproc
 361              	.LFE34:
 363              		.section	.text._open,"ax",%progbits
 364              		.align	1
 365              		.global	_open
 366              		.syntax unified
 367              		.thumb
 368              		.thumb_func
 369              		.fpu fpv5-d16
 371              	_open:
 372              	.LVL26:
 373              	.LFB35:
 119:Core/Src/syscalls.c **** 
 120:Core/Src/syscalls.c **** int _open(char *path, int flags, ...)
 121:Core/Src/syscalls.c **** {
 374              		.loc 1 121 1 is_stmt 1 view -0
 375              		.cfi_startproc
 376              		@ args = 4, pretend = 12, frame = 0
 377              		@ frame_needed = 0, uses_anonymous_args = 1
 378              		@ link register save eliminated.
 379              		.loc 1 121 1 is_stmt 0 view .LVU79
 380 0000 0EB4     		push	{r1, r2, r3}
 381              	.LCFI4:
 382              		.cfi_def_cfa_offset 12
 383              		.cfi_offset 1, -12
 384              		.cfi_offset 2, -8
 385              		.cfi_offset 3, -4
 122:Core/Src/syscalls.c ****   (void)path;
 386              		.loc 1 122 3 is_stmt 1 view .LVU80
 123:Core/Src/syscalls.c ****   (void)flags;
 387              		.loc 1 123 3 view .LVU81
 124:Core/Src/syscalls.c ****   /* Pretend like we always fail */
 125:Core/Src/syscalls.c ****   return -1;
 388              		.loc 1 125 3 view .LVU82
 126:Core/Src/syscalls.c **** }
 389              		.loc 1 126 1 is_stmt 0 view .LVU83
 390 0002 4FF0FF30 		mov	r0, #-1
 391              	.LVL27:
 392              		.loc 1 126 1 view .LVU84
 393 0006 03B0     		add	sp, sp, #12
 394              	.LCFI5:
 395              		.cfi_restore 3
 396              		.cfi_restore 2
 397              		.cfi_restore 1
 398              		.cfi_def_cfa_offset 0
 399 0008 7047     		bx	lr
 400              		.cfi_endproc
 401              	.LFE35:
 403              		.section	.text._wait,"ax",%progbits
 404              		.align	1
ARM GAS  /tmp/cc5pu9t1.s 			page 10


 405              		.global	_wait
 406              		.syntax unified
 407              		.thumb
 408              		.thumb_func
 409              		.fpu fpv5-d16
 411              	_wait:
 412              	.LVL28:
 413              	.LFB36:
 127:Core/Src/syscalls.c **** 
 128:Core/Src/syscalls.c **** int _wait(int *status)
 129:Core/Src/syscalls.c **** {
 414              		.loc 1 129 1 is_stmt 1 view -0
 415              		.cfi_startproc
 416              		@ args = 0, pretend = 0, frame = 0
 417              		@ frame_needed = 0, uses_anonymous_args = 0
 418              		.loc 1 129 1 is_stmt 0 view .LVU86
 419 0000 08B5     		push	{r3, lr}
 420              	.LCFI6:
 421              		.cfi_def_cfa_offset 8
 422              		.cfi_offset 3, -8
 423              		.cfi_offset 14, -4
 130:Core/Src/syscalls.c ****   (void)status;
 424              		.loc 1 130 3 is_stmt 1 view .LVU87
 131:Core/Src/syscalls.c ****   errno = ECHILD;
 425              		.loc 1 131 3 view .LVU88
 426 0002 FFF7FEFF 		bl	__errno
 427              	.LVL29:
 428              		.loc 1 131 9 is_stmt 0 view .LVU89
 429 0006 0A23     		movs	r3, #10
 430 0008 0360     		str	r3, [r0]
 132:Core/Src/syscalls.c ****   return -1;
 431              		.loc 1 132 3 is_stmt 1 view .LVU90
 133:Core/Src/syscalls.c **** }
 432              		.loc 1 133 1 is_stmt 0 view .LVU91
 433 000a 4FF0FF30 		mov	r0, #-1
 434 000e 08BD     		pop	{r3, pc}
 435              		.cfi_endproc
 436              	.LFE36:
 438              		.section	.text._unlink,"ax",%progbits
 439              		.align	1
 440              		.global	_unlink
 441              		.syntax unified
 442              		.thumb
 443              		.thumb_func
 444              		.fpu fpv5-d16
 446              	_unlink:
 447              	.LVL30:
 448              	.LFB37:
 134:Core/Src/syscalls.c **** 
 135:Core/Src/syscalls.c **** int _unlink(char *name)
 136:Core/Src/syscalls.c **** {
 449              		.loc 1 136 1 is_stmt 1 view -0
 450              		.cfi_startproc
 451              		@ args = 0, pretend = 0, frame = 0
 452              		@ frame_needed = 0, uses_anonymous_args = 0
 453              		.loc 1 136 1 is_stmt 0 view .LVU93
 454 0000 08B5     		push	{r3, lr}
ARM GAS  /tmp/cc5pu9t1.s 			page 11


 455              	.LCFI7:
 456              		.cfi_def_cfa_offset 8
 457              		.cfi_offset 3, -8
 458              		.cfi_offset 14, -4
 137:Core/Src/syscalls.c ****   (void)name;
 459              		.loc 1 137 3 is_stmt 1 view .LVU94
 138:Core/Src/syscalls.c ****   errno = ENOENT;
 460              		.loc 1 138 3 view .LVU95
 461 0002 FFF7FEFF 		bl	__errno
 462              	.LVL31:
 463              		.loc 1 138 9 is_stmt 0 view .LVU96
 464 0006 0223     		movs	r3, #2
 465 0008 0360     		str	r3, [r0]
 139:Core/Src/syscalls.c ****   return -1;
 466              		.loc 1 139 3 is_stmt 1 view .LVU97
 140:Core/Src/syscalls.c **** }
 467              		.loc 1 140 1 is_stmt 0 view .LVU98
 468 000a 4FF0FF30 		mov	r0, #-1
 469 000e 08BD     		pop	{r3, pc}
 470              		.cfi_endproc
 471              	.LFE37:
 473              		.section	.text._times,"ax",%progbits
 474              		.align	1
 475              		.global	_times
 476              		.syntax unified
 477              		.thumb
 478              		.thumb_func
 479              		.fpu fpv5-d16
 481              	_times:
 482              	.LVL32:
 483              	.LFB38:
 141:Core/Src/syscalls.c **** 
 142:Core/Src/syscalls.c **** clock_t _times(struct tms *buf)
 143:Core/Src/syscalls.c **** {
 484              		.loc 1 143 1 is_stmt 1 view -0
 485              		.cfi_startproc
 486              		@ args = 0, pretend = 0, frame = 0
 487              		@ frame_needed = 0, uses_anonymous_args = 0
 488              		@ link register save eliminated.
 144:Core/Src/syscalls.c ****   (void)buf;
 489              		.loc 1 144 3 view .LVU100
 145:Core/Src/syscalls.c ****   return -1;
 490              		.loc 1 145 3 view .LVU101
 146:Core/Src/syscalls.c **** }
 491              		.loc 1 146 1 is_stmt 0 view .LVU102
 492 0000 4FF0FF30 		mov	r0, #-1
 493              	.LVL33:
 494              		.loc 1 146 1 view .LVU103
 495 0004 7047     		bx	lr
 496              		.cfi_endproc
 497              	.LFE38:
 499              		.section	.text._stat,"ax",%progbits
 500              		.align	1
 501              		.global	_stat
 502              		.syntax unified
 503              		.thumb
 504              		.thumb_func
ARM GAS  /tmp/cc5pu9t1.s 			page 12


 505              		.fpu fpv5-d16
 507              	_stat:
 508              	.LVL34:
 509              	.LFB39:
 147:Core/Src/syscalls.c **** 
 148:Core/Src/syscalls.c **** int _stat(const char *file, struct stat *st)
 149:Core/Src/syscalls.c **** {
 510              		.loc 1 149 1 is_stmt 1 view -0
 511              		.cfi_startproc
 512              		@ args = 0, pretend = 0, frame = 0
 513              		@ frame_needed = 0, uses_anonymous_args = 0
 514              		@ link register save eliminated.
 150:Core/Src/syscalls.c ****   (void)file;
 515              		.loc 1 150 3 view .LVU105
 151:Core/Src/syscalls.c ****   st->st_mode = S_IFCHR;
 516              		.loc 1 151 3 view .LVU106
 517              		.loc 1 151 15 is_stmt 0 view .LVU107
 518 0000 4FF40053 		mov	r3, #8192
 519 0004 4B60     		str	r3, [r1, #4]
 152:Core/Src/syscalls.c ****   return 0;
 520              		.loc 1 152 3 is_stmt 1 view .LVU108
 153:Core/Src/syscalls.c **** }
 521              		.loc 1 153 1 is_stmt 0 view .LVU109
 522 0006 0020     		movs	r0, #0
 523              	.LVL35:
 524              		.loc 1 153 1 view .LVU110
 525 0008 7047     		bx	lr
 526              		.cfi_endproc
 527              	.LFE39:
 529              		.section	.text._link,"ax",%progbits
 530              		.align	1
 531              		.global	_link
 532              		.syntax unified
 533              		.thumb
 534              		.thumb_func
 535              		.fpu fpv5-d16
 537              	_link:
 538              	.LVL36:
 539              	.LFB40:
 154:Core/Src/syscalls.c **** 
 155:Core/Src/syscalls.c **** int _link(char *old, char *new)
 156:Core/Src/syscalls.c **** {
 540              		.loc 1 156 1 is_stmt 1 view -0
 541              		.cfi_startproc
 542              		@ args = 0, pretend = 0, frame = 0
 543              		@ frame_needed = 0, uses_anonymous_args = 0
 544              		.loc 1 156 1 is_stmt 0 view .LVU112
 545 0000 08B5     		push	{r3, lr}
 546              	.LCFI8:
 547              		.cfi_def_cfa_offset 8
 548              		.cfi_offset 3, -8
 549              		.cfi_offset 14, -4
 157:Core/Src/syscalls.c ****   (void)old;
 550              		.loc 1 157 3 is_stmt 1 view .LVU113
 158:Core/Src/syscalls.c ****   (void)new;
 551              		.loc 1 158 3 view .LVU114
 159:Core/Src/syscalls.c ****   errno = EMLINK;
ARM GAS  /tmp/cc5pu9t1.s 			page 13


 552              		.loc 1 159 3 view .LVU115
 553 0002 FFF7FEFF 		bl	__errno
 554              	.LVL37:
 555              		.loc 1 159 9 is_stmt 0 view .LVU116
 556 0006 1F23     		movs	r3, #31
 557 0008 0360     		str	r3, [r0]
 160:Core/Src/syscalls.c ****   return -1;
 558              		.loc 1 160 3 is_stmt 1 view .LVU117
 161:Core/Src/syscalls.c **** }
 559              		.loc 1 161 1 is_stmt 0 view .LVU118
 560 000a 4FF0FF30 		mov	r0, #-1
 561 000e 08BD     		pop	{r3, pc}
 562              		.cfi_endproc
 563              	.LFE40:
 565              		.section	.text._fork,"ax",%progbits
 566              		.align	1
 567              		.global	_fork
 568              		.syntax unified
 569              		.thumb
 570              		.thumb_func
 571              		.fpu fpv5-d16
 573              	_fork:
 574              	.LFB41:
 162:Core/Src/syscalls.c **** 
 163:Core/Src/syscalls.c **** int _fork(void)
 164:Core/Src/syscalls.c **** {
 575              		.loc 1 164 1 is_stmt 1 view -0
 576              		.cfi_startproc
 577              		@ args = 0, pretend = 0, frame = 0
 578              		@ frame_needed = 0, uses_anonymous_args = 0
 579 0000 08B5     		push	{r3, lr}
 580              	.LCFI9:
 581              		.cfi_def_cfa_offset 8
 582              		.cfi_offset 3, -8
 583              		.cfi_offset 14, -4
 165:Core/Src/syscalls.c ****   errno = EAGAIN;
 584              		.loc 1 165 3 view .LVU120
 585 0002 FFF7FEFF 		bl	__errno
 586              	.LVL38:
 587              		.loc 1 165 9 is_stmt 0 view .LVU121
 588 0006 0B23     		movs	r3, #11
 589 0008 0360     		str	r3, [r0]
 166:Core/Src/syscalls.c ****   return -1;
 590              		.loc 1 166 3 is_stmt 1 view .LVU122
 167:Core/Src/syscalls.c **** }
 591              		.loc 1 167 1 is_stmt 0 view .LVU123
 592 000a 4FF0FF30 		mov	r0, #-1
 593 000e 08BD     		pop	{r3, pc}
 594              		.cfi_endproc
 595              	.LFE41:
 597              		.section	.text._execve,"ax",%progbits
 598              		.align	1
 599              		.global	_execve
 600              		.syntax unified
 601              		.thumb
 602              		.thumb_func
 603              		.fpu fpv5-d16
ARM GAS  /tmp/cc5pu9t1.s 			page 14


 605              	_execve:
 606              	.LVL39:
 607              	.LFB42:
 168:Core/Src/syscalls.c **** 
 169:Core/Src/syscalls.c **** int _execve(char *name, char **argv, char **env)
 170:Core/Src/syscalls.c **** {
 608              		.loc 1 170 1 is_stmt 1 view -0
 609              		.cfi_startproc
 610              		@ args = 0, pretend = 0, frame = 0
 611              		@ frame_needed = 0, uses_anonymous_args = 0
 612              		.loc 1 170 1 is_stmt 0 view .LVU125
 613 0000 08B5     		push	{r3, lr}
 614              	.LCFI10:
 615              		.cfi_def_cfa_offset 8
 616              		.cfi_offset 3, -8
 617              		.cfi_offset 14, -4
 171:Core/Src/syscalls.c ****   (void)name;
 618              		.loc 1 171 3 is_stmt 1 view .LVU126
 172:Core/Src/syscalls.c ****   (void)argv;
 619              		.loc 1 172 3 view .LVU127
 173:Core/Src/syscalls.c ****   (void)env;
 620              		.loc 1 173 3 view .LVU128
 174:Core/Src/syscalls.c ****   errno = ENOMEM;
 621              		.loc 1 174 3 view .LVU129
 622 0002 FFF7FEFF 		bl	__errno
 623              	.LVL40:
 624              		.loc 1 174 9 is_stmt 0 view .LVU130
 625 0006 0C23     		movs	r3, #12
 626 0008 0360     		str	r3, [r0]
 175:Core/Src/syscalls.c ****   return -1;
 627              		.loc 1 175 3 is_stmt 1 view .LVU131
 176:Core/Src/syscalls.c **** }
 628              		.loc 1 176 1 is_stmt 0 view .LVU132
 629 000a 4FF0FF30 		mov	r0, #-1
 630 000e 08BD     		pop	{r3, pc}
 631              		.cfi_endproc
 632              	.LFE42:
 634              		.global	environ
 635              		.global	__env
 636              		.section	.bss.__env,"aw",%nobits
 637              		.align	2
 640              	__env:
 641 0000 00000000 		.space	4
 642              		.section	.data.environ,"aw"
 643              		.align	2
 646              	environ:
 647 0000 00000000 		.word	__env
 648              		.weak	__io_putchar
 649              		.weak	__io_getchar
 650              		.text
 651              	.Letext0:
 652              		.file 2 "/usr/arm-none-eabi/include/machine/_default_types.h"
 653              		.file 3 "/usr/arm-none-eabi/include/sys/lock.h"
 654              		.file 4 "/usr/arm-none-eabi/include/sys/_types.h"
 655              		.file 5 "/usr/lib/gcc/arm-none-eabi/9.3.0/include/stddef.h"
 656              		.file 6 "/usr/arm-none-eabi/include/sys/reent.h"
 657              		.file 7 "/usr/arm-none-eabi/include/sys/_timeval.h"
ARM GAS  /tmp/cc5pu9t1.s 			page 15


 658              		.file 8 "/usr/arm-none-eabi/include/sys/types.h"
 659              		.file 9 "/usr/arm-none-eabi/include/time.h"
 660              		.file 10 "/usr/arm-none-eabi/include/sys/stat.h"
 661              		.file 11 "/usr/arm-none-eabi/include/stdlib.h"
 662              		.file 12 "/usr/arm-none-eabi/include/sys/errno.h"
 663              		.file 13 "/usr/arm-none-eabi/include/sys/times.h"
ARM GAS  /tmp/cc5pu9t1.s 			page 16


DEFINED SYMBOLS
                            *ABS*:0000000000000000 syscalls.c
     /tmp/cc5pu9t1.s:17     .text.initialise_monitor_handles:0000000000000000 $t
     /tmp/cc5pu9t1.s:25     .text.initialise_monitor_handles:0000000000000000 initialise_monitor_handles
     /tmp/cc5pu9t1.s:39     .text._getpid:0000000000000000 $t
     /tmp/cc5pu9t1.s:46     .text._getpid:0000000000000000 _getpid
     /tmp/cc5pu9t1.s:61     .text._kill:0000000000000000 $t
     /tmp/cc5pu9t1.s:68     .text._kill:0000000000000000 _kill
     /tmp/cc5pu9t1.s:97     .text._exit:0000000000000000 $t
     /tmp/cc5pu9t1.s:104    .text._exit:0000000000000000 _exit
     /tmp/cc5pu9t1.s:131    .text._read:0000000000000000 $t
     /tmp/cc5pu9t1.s:138    .text._read:0000000000000000 _read
     /tmp/cc5pu9t1.s:194    .text._write:0000000000000000 $t
     /tmp/cc5pu9t1.s:201    .text._write:0000000000000000 _write
     /tmp/cc5pu9t1.s:254    .text._close:0000000000000000 $t
     /tmp/cc5pu9t1.s:261    .text._close:0000000000000000 _close
     /tmp/cc5pu9t1.s:280    .text._fstat:0000000000000000 $t
     /tmp/cc5pu9t1.s:287    .text._fstat:0000000000000000 _fstat
     /tmp/cc5pu9t1.s:310    .text._isatty:0000000000000000 $t
     /tmp/cc5pu9t1.s:317    .text._isatty:0000000000000000 _isatty
     /tmp/cc5pu9t1.s:336    .text._lseek:0000000000000000 $t
     /tmp/cc5pu9t1.s:343    .text._lseek:0000000000000000 _lseek
     /tmp/cc5pu9t1.s:364    .text._open:0000000000000000 $t
     /tmp/cc5pu9t1.s:371    .text._open:0000000000000000 _open
     /tmp/cc5pu9t1.s:404    .text._wait:0000000000000000 $t
     /tmp/cc5pu9t1.s:411    .text._wait:0000000000000000 _wait
     /tmp/cc5pu9t1.s:439    .text._unlink:0000000000000000 $t
     /tmp/cc5pu9t1.s:446    .text._unlink:0000000000000000 _unlink
     /tmp/cc5pu9t1.s:474    .text._times:0000000000000000 $t
     /tmp/cc5pu9t1.s:481    .text._times:0000000000000000 _times
     /tmp/cc5pu9t1.s:500    .text._stat:0000000000000000 $t
     /tmp/cc5pu9t1.s:507    .text._stat:0000000000000000 _stat
     /tmp/cc5pu9t1.s:530    .text._link:0000000000000000 $t
     /tmp/cc5pu9t1.s:537    .text._link:0000000000000000 _link
     /tmp/cc5pu9t1.s:566    .text._fork:0000000000000000 $t
     /tmp/cc5pu9t1.s:573    .text._fork:0000000000000000 _fork
     /tmp/cc5pu9t1.s:598    .text._execve:0000000000000000 $t
     /tmp/cc5pu9t1.s:605    .text._execve:0000000000000000 _execve
     /tmp/cc5pu9t1.s:646    .data.environ:0000000000000000 environ
     /tmp/cc5pu9t1.s:640    .bss.__env:0000000000000000 __env
     /tmp/cc5pu9t1.s:637    .bss.__env:0000000000000000 $d
     /tmp/cc5pu9t1.s:643    .data.environ:0000000000000000 $d

UNDEFINED SYMBOLS
__errno
__io_getchar
__io_putchar
